[2023-12-08 16:00:40,319] INFO [Controller id=0] Processing automatic preferred replica leader election (kafka.controller.KafkaController)
[2023-12-08 16:00:40,319] TRACE [Controller id=0] Checking need to trigger auto leader balancing (kafka.controller.KafkaController)
[2023-12-08 16:01:46,213] INFO [Controller id=0] New topics: [Set(mon_topic_test)], deleted topics: [Set()], new partition replica assignment [Map(mon_topic_test-0 -> ReplicaAssignment(replicas=0, addingReplicas=, removingReplicas=))] (kafka.controller.KafkaController)
[2023-12-08 16:01:46,213] INFO [Controller id=0] New partition creation callback for mon_topic_test-0 (kafka.controller.KafkaController)
[2023-12-08 16:01:46,259] INFO [RequestSendThread controllerId=0] Controller 0 connected to localhost:9092 (id: 0 rack: null) for sending state change requests (kafka.controller.RequestSendThread)
[2023-12-08 16:02:02,778] INFO [Controller id=0] New topics: [Set(mon_topic)], deleted topics: [Set()], new partition replica assignment [Map(mon_topic-0 -> ReplicaAssignment(replicas=0, addingReplicas=, removingReplicas=))] (kafka.controller.KafkaController)
[2023-12-08 16:02:02,779] INFO [Controller id=0] New partition creation callback for mon_topic-0 (kafka.controller.KafkaController)
[2023-12-08 16:05:40,322] INFO [Controller id=0] Processing automatic preferred replica leader election (kafka.controller.KafkaController)
[2023-12-08 16:05:40,322] TRACE [Controller id=0] Checking need to trigger auto leader balancing (kafka.controller.KafkaController)
[2023-12-08 16:05:40,324] DEBUG [Controller id=0] Topics not in preferred replica for broker 0 Map() (kafka.controller.KafkaController)
[2023-12-08 16:05:40,325] TRACE [Controller id=0] Leader imbalance ratio for broker 0 is 0.0 (kafka.controller.KafkaController)
[2023-12-08 16:10:40,325] INFO [Controller id=0] Processing automatic preferred replica leader election (kafka.controller.KafkaController)
[2023-12-08 16:10:40,325] TRACE [Controller id=0] Checking need to trigger auto leader balancing (kafka.controller.KafkaController)
[2023-12-08 16:10:40,326] DEBUG [Controller id=0] Topics not in preferred replica for broker 0 Map() (kafka.controller.KafkaController)
[2023-12-08 16:10:40,326] TRACE [Controller id=0] Leader imbalance ratio for broker 0 is 0.0 (kafka.controller.KafkaController)
[2023-12-08 16:15:40,326] INFO [Controller id=0] Processing automatic preferred replica leader election (kafka.controller.KafkaController)
[2023-12-08 16:15:40,326] TRACE [Controller id=0] Checking need to trigger auto leader balancing (kafka.controller.KafkaController)
[2023-12-08 16:15:40,327] DEBUG [Controller id=0] Topics not in preferred replica for broker 0 Map() (kafka.controller.KafkaController)
[2023-12-08 16:15:40,327] TRACE [Controller id=0] Leader imbalance ratio for broker 0 is 0.0 (kafka.controller.KafkaController)
[2023-12-08 16:20:40,327] INFO [Controller id=0] Processing automatic preferred replica leader election (kafka.controller.KafkaController)
[2023-12-08 16:20:40,327] TRACE [Controller id=0] Checking need to trigger auto leader balancing (kafka.controller.KafkaController)
[2023-12-08 16:20:40,328] DEBUG [Controller id=0] Topics not in preferred replica for broker 0 Map() (kafka.controller.KafkaController)
[2023-12-08 16:20:40,328] TRACE [Controller id=0] Leader imbalance ratio for broker 0 is 0.0 (kafka.controller.KafkaController)
[2023-12-08 16:25:40,328] INFO [Controller id=0] Processing automatic preferred replica leader election (kafka.controller.KafkaController)
[2023-12-08 16:25:40,333] TRACE [Controller id=0] Checking need to trigger auto leader balancing (kafka.controller.KafkaController)
[2023-12-08 16:25:40,334] DEBUG [Controller id=0] Topics not in preferred replica for broker 0 Map() (kafka.controller.KafkaController)
[2023-12-08 16:25:40,335] TRACE [Controller id=0] Leader imbalance ratio for broker 0 is 0.0 (kafka.controller.KafkaController)
[2023-12-08 16:30:40,336] INFO [Controller id=0] Processing automatic preferred replica leader election (kafka.controller.KafkaController)
[2023-12-08 16:30:40,336] TRACE [Controller id=0] Checking need to trigger auto leader balancing (kafka.controller.KafkaController)
[2023-12-08 16:30:40,336] DEBUG [Controller id=0] Topics not in preferred replica for broker 0 Map() (kafka.controller.KafkaController)
[2023-12-08 16:30:40,336] TRACE [Controller id=0] Leader imbalance ratio for broker 0 is 0.0 (kafka.controller.KafkaController)
[2023-12-08 16:35:40,336] INFO [Controller id=0] Processing automatic preferred replica leader election (kafka.controller.KafkaController)
[2023-12-08 16:35:40,336] TRACE [Controller id=0] Checking need to trigger auto leader balancing (kafka.controller.KafkaController)
[2023-12-08 16:35:40,337] DEBUG [Controller id=0] Topics not in preferred replica for broker 0 Map() (kafka.controller.KafkaController)
[2023-12-08 16:35:40,337] TRACE [Controller id=0] Leader imbalance ratio for broker 0 is 0.0 (kafka.controller.KafkaController)
[2023-12-08 16:40:40,337] INFO [Controller id=0] Processing automatic preferred replica leader election (kafka.controller.KafkaController)
[2023-12-08 16:40:40,337] TRACE [Controller id=0] Checking need to trigger auto leader balancing (kafka.controller.KafkaController)
[2023-12-08 16:40:40,337] DEBUG [Controller id=0] Topics not in preferred replica for broker 0 Map() (kafka.controller.KafkaController)
[2023-12-08 16:40:40,338] TRACE [Controller id=0] Leader imbalance ratio for broker 0 is 0.0 (kafka.controller.KafkaController)
[2023-12-08 16:45:40,338] INFO [Controller id=0] Processing automatic preferred replica leader election (kafka.controller.KafkaController)
[2023-12-08 16:45:40,338] TRACE [Controller id=0] Checking need to trigger auto leader balancing (kafka.controller.KafkaController)
[2023-12-08 16:45:40,338] DEBUG [Controller id=0] Topics not in preferred replica for broker 0 Map() (kafka.controller.KafkaController)
[2023-12-08 16:45:40,338] TRACE [Controller id=0] Leader imbalance ratio for broker 0 is 0.0 (kafka.controller.KafkaController)
[2023-12-08 16:50:40,339] INFO [Controller id=0] Processing automatic preferred replica leader election (kafka.controller.KafkaController)
[2023-12-08 16:50:40,339] TRACE [Controller id=0] Checking need to trigger auto leader balancing (kafka.controller.KafkaController)
[2023-12-08 16:50:40,339] DEBUG [Controller id=0] Topics not in preferred replica for broker 0 Map() (kafka.controller.KafkaController)
[2023-12-08 16:50:40,339] TRACE [Controller id=0] Leader imbalance ratio for broker 0 is 0.0 (kafka.controller.KafkaController)
[2023-12-08 16:55:40,339] INFO [Controller id=0] Processing automatic preferred replica leader election (kafka.controller.KafkaController)
[2023-12-08 16:55:40,340] TRACE [Controller id=0] Checking need to trigger auto leader balancing (kafka.controller.KafkaController)
[2023-12-08 16:55:40,340] DEBUG [Controller id=0] Topics not in preferred replica for broker 0 Map() (kafka.controller.KafkaController)
[2023-12-08 16:55:40,340] TRACE [Controller id=0] Leader imbalance ratio for broker 0 is 0.0 (kafka.controller.KafkaController)
